Arguments: 
  /usr/bin/node /usr/share/yarn/bin/yarn.js add whatwg-fetch

PATH: 
  /home/andy/.cargo/bin:/home/andy/.cargo/bin:/home/andy/.rvm/gems/ruby-2.4.0/bin:/home/andy/.rvm/gems/ruby-2.4.0@global/bin:/home/andy/.rvm/rubies/ruby-2.4.0/bin:/usr/local/heroku/bin:/usr/local/sbin:/usr/local/bin:/usr/sbin:/usr/bin:/sbin:/bin:/usr/games:/usr/local/games:/mnt/c/Program Files/ConEmu:/mnt/c/Program Files/ConEmu/ConEmu:/mnt/c/ProgramData/Oracle/Java/javapath:/mnt/c/Windows/System32:/mnt/c/Windows:/mnt/c/Windows/System32/wbem:/mnt/c/Windows/System32/WindowsPowerShell/v1.0:/mnt/c/Program Files (x86)/Microsoft SQL Server/Client SDK/ODBC/130/Tools/Binn:/mnt/c/Program Files (x86)/Microsoft SQL Server/130/Tools/Binn:/mnt/c/Program Files (x86)/Microsoft SQL Server/130/DTS/Binn:/mnt/c/Program Files (x86)/Microsoft SQL Server/130/Tools/Binn/ManagementStudio:/mnt/c/Users/agauger/AppData/Local/Microsoft/WindowsApps:/mnt/c/Program Files (x86)/Nmap:/mnt/c/Program Files/docker:/mnt/c/Windows/System32:/mnt/c/Windows:/mnt/c/Windows/System32/wbem:/mnt/c/Windows/System32/WindowsPowerShell/v1.0:/mnt/c/Program Files (x86)/Heroku/bin:/mnt/c/Program Files (x86)/Git/cmd:/mnt/c/Program Files (x86)/Git/cmd:/mnt/c/Ruby23-x64/bin:/mnt/c/devkit/bin:/mnt/c/devkit/mingw/bin:/mnt/c/Program Files/nodejs:/mnt/c/Program Files/Microsoft DNX/Dnvm:/mnt/c/Program Files/Microsoft SQL Server/130/Tools/Binn:/mnt/c/Program Files/CMake/bin:/mnt/c/Program Files (x86)/Windows Kits/8.1/Windows Performance Toolkit:/mnt/c/Users/agauger/AppData/Local/atom/bin:/mnt/c/Program Files/MySQL/MySQL Utilities 1.6:/mnt/c/Users/agauger/.cargo/bin:/mnt/c/Tcl/bin:/mnt/c/Ruby23-x64/bin:/mnt/c/Users/agauger/AppData/Local/Microsoft/WindowsApps:/mnt/c/Program Files (x86)/Nmap:/mnt/c/Program Files/PostgreSQL/9.5/bin:/mnt/c/devkit/bin:/mnt/c/devkit/mingw/bin:/mnt/c/Users/agauger/AppData/Roaming/npm:/mnt/c/Program Files (x86)/Google/Chrome/Application:/mnt/c/ProgramData/Oracle/Java/javapath:/mnt/c/Windows/System32:/mnt/c/Windows:/mnt/c/Windows/System32/wbem:/mnt/c/Windows/System32/WindowsPowerShell/v1.0:/mnt/c/Program Files (x86)/Microsoft SQL Server/Client SDK/ODBC/130/Tools/Binn:/mnt/c/Program Files (x86)/Microsoft SQL Server/130/Tools/Binn:/mnt/c/Program Files (x86)/Microsoft SQL Server/130/DTS/Binn:/mnt/c/Program Files (x86)/Microsoft SQL Server/130/Tools/Binn/ManagementStudio:/mnt/c/Program Files/docker:/mnt/c/Program Files (x86)/Heroku/bin:/mnt/c/Program Files (x86)/Git/cmd:/mnt/c/Program Files (x86)/Git/cmd:/mnt/c/Ruby23-x64/bin:/mnt/c/Users/agauger/AppData/Local/atom/bin:/mnt/c/Users/agauger/AppData/Local/Microsoft/WindowsApps:/mnt/c/Program Files (x86)/Microsoft VS Code/bin:/snap/bin:/home/andy/.rvm/bin:/home/andy/.rvm/bin

Yarn version: 
  1.0.2

Node version: 
  8.5.0

Platform: 
  linux x64

npm manifest: 
  {
    "engines": {
      "node": ">=6.0.0",
      "yarn": ">=0.25.2"
    },
    "dependencies": {
      "@rails/webpacker": "^3.0.1",
      "babel-preset-react": "^6.24.1",
      "prop-types": "^15.5.10",
      "react": "^15.6.1",
      "react-dom": "^15.6.1",
      "yarn": ">=0.25.2"
    },
    "devDependencies": {
      "webpack-dev-server": "^2.8.2"
    }
  }

yarn manifest: 
  No manifest

Lockfile: 
  No lockfile

Trace: 
  Error: EINVAL: invalid argument, lstat '/mnt/c/git/praybook/node_modules/compression/node_modules/debug/.eslintrc'
